# JRE version: OpenJDK Runtime Environment Temurin-17+35 (17.0+35) (build 17+35)
# Java VM: OpenJDK 64-Bit Server VM Temurin-17+35 (17+35, mixed mode, tiered, compressed oops, compressed class ptrs, g1 gc, windows-amd64)
GC Precious Log:
 CPUs: 4 total, 4 available
 Memory: 4011M
 Large Page Support: Disabled
 NUMA Support: Disabled
 Compressed Oops: Enabled (32-bit)
 Heap Region Size: 1M
 Heap Min Capacity: 8M
 Heap Initial Capacity: 64M
 Heap Max Capacity: 1004M
 Pre-touch: Disabled
 Parallel Workers: 4
 Concurrent Workers: 1
 Concurrent Refinement Workers: 4
 Periodic GC: Disabled
Heap:
 garbage-first heap   total 37888K, used 20648K [0x00000000c1400000, 0x0000000100000000)
  region size 1024K, 13 young (13312K), 1 survivors (1024K)
 Metaspace       used 30089K, committed 30400K, reserved 1081344K
  class space    used 3576K, committed 3712K, reserved 1048576K
GC Heap History (14 events):
Event: 1.952 GC heap before
{Heap before GC invocations=0 (full 0):
 garbage-first heap   total 65536K, used 13312K [0x00000000c1400000, 0x0000000100000000)
  region size 1024K, 13 young (13312K), 0 survivors (0K)
 Metaspace       used 9790K, committed 9920K, reserved 1064960K
  class space    used 946K, committed 1024K, reserved 1048576K
}
Event: 1.966 GC heap after
{Heap after GC invocations=1 (full 0):
 garbage-first heap   total 65536K, used 5032K [0x00000000c1400000, 0x0000000100000000)
  region size 1024K, 2 young (2048K), 2 survivors (2048K)
 Metaspace       used 9790K, committed 9920K, reserved 1064960K
  class space    used 946K, committed 1024K, reserved 1048576K
}
Event: 3.122 GC heap before
{Heap before GC invocations=1 (full 0):
 garbage-first heap   total 65536K, used 17320K [0x00000000c1400000, 0x0000000100000000)
  region size 1024K, 14 young (14336K), 2 survivors (2048K)
 Metaspace       used 14212K, committed 14400K, reserved 1064960K
  class space    used 1486K, committed 1536K, reserved 1048576K
}
Event: 3.134 GC heap after
{Heap after GC invocations=2 (full 0):
 garbage-first heap   total 65536K, used 6440K [0x00000000c1400000, 0x0000000100000000)
  region size 1024K, 2 young (2048K), 2 survivors (2048K)
 Metaspace       used 14212K, committed 14400K, reserved 1064960K
  class space    used 1486K, committed 1536K, reserved 1048576K
}
Event: 4.092 GC heap before
{Heap before GC invocations=2 (full 0):
 garbage-first heap   total 65536K, used 28968K [0x00000000c1400000, 0x0000000100000000)
  region size 1024K, 25 young (25600K), 2 survivors (2048K)
 Metaspace       used 16918K, committed 17152K, reserved 1064960K
  class space    used 1843K, committed 1984K, reserved 1048576K
}
Event: 4.103 GC heap after
{Heap after GC invocations=3 (full 0):
 garbage-first heap   total 65536K, used 7316K [0x00000000c1400000, 0x0000000100000000)
  region size 1024K, 3 young (3072K), 3 survivors (3072K)
 Metaspace       used 16918K, committed 17152K, reserved 1064960K
  class space    used 1843K, committed 1984K, reserved 1048576K
}
Event: 5.705 GC heap before
{Heap before GC invocations=3 (full 0):
 garbage-first heap   total 65536K, used 42132K [0x00000000c1400000, 0x0000000100000000)
  region size 1024K, 38 young (38912K), 3 survivors (3072K)
 Metaspace       used 20649K, committed 20928K, reserved 1073152K
  class space    used 2306K, committed 2432K, reserved 1048576K
}
Event: 5.721 GC heap after
{Heap after GC invocations=4 (full 0):
 garbage-first heap   total 65536K, used 8613K [0x00000000c1400000, 0x0000000100000000)
  region size 1024K, 4 young (4096K), 4 survivors (4096K)
 Metaspace       used 20649K, committed 20928K, reserved 1073152K
  class space    used 2306K, committed 2432K, reserved 1048576K
}
Event: 5.856 GC heap before
{Heap before GC invocations=4 (full 0):
 garbage-first heap   total 65536K, used 10661K [0x00000000c1400000, 0x0000000100000000)
  region size 1024K, 7 young (7168K), 4 survivors (4096K)
 Metaspace       used 21308K, committed 21504K, reserved 1073152K
  class space    used 2444K, committed 2560K, reserved 1048576K
}
Event: 5.872 GC heap after
{Heap after GC invocations=5 (full 0):
 garbage-first heap   total 65536K, used 8937K [0x00000000c1400000, 0x0000000100000000)
  region size 1024K, 3 young (3072K), 3 survivors (3072K)
 Metaspace       used 21308K, committed 21504K, reserved 1073152K
  class space    used 2444K, committed 2560K, reserved 1048576K
}
Event: 7.692 GC heap before
{Heap before GC invocations=6 (full 0):
 garbage-first heap   total 37888K, used 28393K [0x00000000c1400000, 0x0000000100000000)
  region size 1024K, 22 young (22528K), 3 survivors (3072K)
 Metaspace       used 27286K, committed 27520K, reserved 1081344K
  class space    used 3256K, committed 3392K, reserved 1048576K
}
Event: 7.712 GC heap after
{Heap after GC invocations=7 (full 0):
 garbage-first heap   total 37888K, used 10166K [0x00000000c1400000, 0x0000000100000000)
  region size 1024K, 3 young (3072K), 3 survivors (3072K)
 Metaspace       used 27286K, committed 27520K, reserved 1081344K
  class space    used 3256K, committed 3392K, reserved 1048576K
}
Event: 7.786 GC heap before
{Heap before GC invocations=7 (full 0):
 garbage-first heap   total 37888K, used 11190K [0x00000000c1400000, 0x0000000100000000)
  region size 1024K, 4 young (4096K), 3 survivors (3072K)
 Metaspace       used 27544K, committed 27776K, reserved 1081344K
  class space    used 3277K, committed 3392K, reserved 1048576K
}
Event: 7.804 GC heap after
{Heap after GC invocations=8 (full 0):
 garbage-first heap   total 37888K, used 10408K [0x00000000c1400000, 0x0000000100000000)
  region size 1024K, 1 young (1024K), 1 survivors (1024K)
 Metaspace       used 27544K, committed 27776K, reserved 1081344K
  class space    used 3277K, committed 3392K, reserved 1048576K
}

