# JRE version: OpenJDK Runtime Environment Temurin-17.0.1+12 (17.0.1+12) (build 17.0.1+12)
# Java VM: OpenJDK 64-Bit Server VM Temurin-17.0.1+12 (17.0.1+12, mixed mode, tiered, compressed oops, compressed class ptrs, g1 gc, windows-amd64)
GC Precious Log:
 CPUs: 4 total, 4 available
 Memory: 4011M
 Large Page Support: Disabled
 NUMA Support: Disabled
 Compressed Oops: Enabled (32-bit)
 Heap Region Size: 1M
 Heap Min Capacity: 8M
 Heap Initial Capacity: 64M
 Heap Max Capacity: 1004M
 Pre-touch: Disabled
 Parallel Workers: 4
 Concurrent Workers: 1
 Concurrent Refinement Workers: 4
 Periodic GC: Disabled
Heap:
 garbage-first heap   total 60416K, used 18104K [0x00000000c1400000, 0x0000000100000000)
  region size 1024K, 7 young (7168K), 3 survivors (3072K)
 Metaspace       used 25722K, committed 25984K, reserved 1073152K
  class space    used 2571K, committed 2688K, reserved 1048576K
GC Heap History (18 events):
Event: 3.403 GC heap before
{Heap before GC invocations=0 (full 0):
 garbage-first heap   total 65536K, used 13312K [0x00000000c1400000, 0x0000000100000000)
  region size 1024K, 13 young (13312K), 0 survivors (0K)
 Metaspace       used 11486K, committed 11648K, reserved 1064960K
  class space    used 1063K, committed 1152K, reserved 1048576K
}
Event: 3.417 GC heap after
{Heap after GC invocations=1 (full 0):
 garbage-first heap   total 65536K, used 2864K [0x00000000c1400000, 0x0000000100000000)
  region size 1024K, 2 young (2048K), 2 survivors (2048K)
 Metaspace       used 11486K, committed 11648K, reserved 1064960K
  class space    used 1063K, committed 1152K, reserved 1048576K
}
Event: 5.915 GC heap before
{Heap before GC invocations=1 (full 0):
 garbage-first heap   total 65536K, used 17200K [0x00000000c1400000, 0x0000000100000000)
  region size 1024K, 16 young (16384K), 2 survivors (2048K)
 Metaspace       used 13740K, committed 13824K, reserved 1064960K
  class space    used 1365K, committed 1408K, reserved 1048576K
}
Event: 5.930 GC heap after
{Heap after GC invocations=2 (full 0):
 garbage-first heap   total 65536K, used 3630K [0x00000000c1400000, 0x0000000100000000)
  region size 1024K, 1 young (1024K), 1 survivors (1024K)
 Metaspace       used 13740K, committed 13824K, reserved 1064960K
  class space    used 1365K, committed 1408K, reserved 1048576K
}
Event: 9.174 GC heap before
{Heap before GC invocations=2 (full 0):
 garbage-first heap   total 65536K, used 41518K [0x00000000c1400000, 0x0000000100000000)
  region size 1024K, 38 young (38912K), 1 survivors (1024K)
 Metaspace       used 20124K, committed 20352K, reserved 1073152K
  class space    used 2133K, committed 2240K, reserved 1048576K
}
Event: 9.206 GC heap after
{Heap after GC invocations=3 (full 0):
 garbage-first heap   total 65536K, used 6438K [0x00000000c1400000, 0x0000000100000000)
  region size 1024K, 4 young (4096K), 4 survivors (4096K)
 Metaspace       used 20124K, committed 20352K, reserved 1073152K
  class space    used 2133K, committed 2240K, reserved 1048576K
}
Event: 12.067 GC heap before
{Heap before GC invocations=3 (full 0):
 garbage-first heap   total 65536K, used 41254K [0x00000000c1400000, 0x0000000100000000)
  region size 1024K, 38 young (38912K), 4 survivors (4096K)
 Metaspace       used 20903K, committed 21056K, reserved 1073152K
  class space    used 2176K, committed 2240K, reserved 1048576K
}
Event: 12.109 GC heap after
{Heap after GC invocations=4 (full 0):
 garbage-first heap   total 65536K, used 10081K [0x00000000c1400000, 0x0000000100000000)
  region size 1024K, 4 young (4096K), 4 survivors (4096K)
 Metaspace       used 20903K, committed 21056K, reserved 1073152K
  class space    used 2176K, committed 2240K, reserved 1048576K
}
Event: 14.755 GC heap before
{Heap before GC invocations=4 (full 0):
 garbage-first heap   total 65536K, used 37729K [0x00000000c1400000, 0x0000000100000000)
  region size 1024K, 32 young (32768K), 4 survivors (4096K)
 Metaspace       used 21369K, committed 21504K, reserved 1073152K
  class space    used 2193K, committed 2240K, reserved 1048576K
}
Event: 14.791 GC heap after
{Heap after GC invocations=5 (full 0):
 garbage-first heap   total 65536K, used 12116K [0x00000000c1400000, 0x0000000100000000)
  region size 1024K, 3 young (3072K), 3 survivors (3072K)
 Metaspace       used 21369K, committed 21504K, reserved 1073152K
  class space    used 2193K, committed 2240K, reserved 1048576K
}
Event: 15.614 GC heap before
{Heap before GC invocations=6 (full 0):
 garbage-first heap   total 60416K, used 54100K [0x00000000c1400000, 0x0000000100000000)
  region size 1024K, 13 young (13312K), 3 survivors (3072K)
 Metaspace       used 22426K, committed 22656K, reserved 1073152K
  class space    used 2307K, committed 2432K, reserved 1048576K
}
Event: 15.629 GC heap after
{Heap after GC invocations=7 (full 0):
 garbage-first heap   total 60416K, used 12459K [0x00000000c1400000, 0x0000000100000000)
  region size 1024K, 3 young (3072K), 3 survivors (3072K)
 Metaspace       used 22426K, committed 22656K, reserved 1073152K
  class space    used 2307K, committed 2432K, reserved 1048576K
}
Event: 15.685 GC heap before
{Heap before GC invocations=7 (full 0):
 garbage-first heap   total 60416K, used 13483K [0x00000000c1400000, 0x0000000100000000)
  region size 1024K, 4 young (4096K), 3 survivors (3072K)
 Metaspace       used 22430K, committed 22656K, reserved 1073152K
  class space    used 2307K, committed 2432K, reserved 1048576K
}
Event: 15.702 GC heap after
{Heap after GC invocations=8 (full 0):
 garbage-first heap   total 60416K, used 12435K [0x00000000c1400000, 0x0000000100000000)
  region size 1024K, 1 young (1024K), 1 survivors (1024K)
 Metaspace       used 22430K, committed 22656K, reserved 1073152K
  class space    used 2307K, committed 2432K, reserved 1048576K
}
Event: 18.718 GC heap before
{Heap before GC invocations=8 (full 0):
 garbage-first heap   total 60416K, used 45203K [0x00000000c1400000, 0x0000000100000000)
  region size 1024K, 33 young (33792K), 1 survivors (1024K)
 Metaspace       used 23173K, committed 23488K, reserved 1073152K
  class space    used 2346K, committed 2496K, reserved 1048576K
}
Event: 18.727 GC heap after
{Heap after GC invocations=9 (full 0):
 garbage-first heap   total 60416K, used 13811K [0x00000000c1400000, 0x0000000100000000)
  region size 1024K, 2 young (2048K), 2 survivors (2048K)
 Metaspace       used 23173K, committed 23488K, reserved 1073152K
  class space    used 2346K, committed 2496K, reserved 1048576K
}
Event: 20.899 GC heap before
{Heap before GC invocations=9 (full 0):
 garbage-first heap   total 60416K, used 46579K [0x00000000c1400000, 0x0000000100000000)
  region size 1024K, 34 young (34816K), 2 survivors (2048K)
 Metaspace       used 24991K, committed 25280K, reserved 1073152K
  class space    used 2507K, committed 2624K, reserved 1048576K
}
Event: 20.921 GC heap after
{Heap after GC invocations=10 (full 0):
 garbage-first heap   total 60416K, used 15032K [0x00000000c1400000, 0x0000000100000000)
  region size 1024K, 3 young (3072K), 3 survivors (3072K)
 Metaspace       used 24991K, committed 25280K, reserved 1073152K
  class space    used 2507K, committed 2624K, reserved 1048576K
}

