# JRE version: OpenJDK Runtime Environment Temurin-17.0.1+12 (17.0.1+12) (build 17.0.1+12)
# Java VM: OpenJDK 64-Bit Server VM Temurin-17.0.1+12 (17.0.1+12, mixed mode, tiered, compressed oops, compressed class ptrs, g1 gc, windows-amd64)
GC Precious Log:
 CPUs: 4 total, 4 available
 Memory: 4011M
 Large Page Support: Disabled
 NUMA Support: Disabled
 Compressed Oops: Enabled (32-bit)
 Heap Region Size: 1M
 Heap Min Capacity: 8M
 Heap Initial Capacity: 64M
 Heap Max Capacity: 1004M
 Pre-touch: Disabled
 Parallel Workers: 4
 Concurrent Workers: 1
 Concurrent Refinement Workers: 4
 Periodic GC: Disabled
Heap:
 garbage-first heap   total 72704K, used 43913K [0x00000000c1400000, 0x0000000100000000)
  region size 1024K, 32 young (32768K), 1 survivors (1024K)
 Metaspace       used 23269K, committed 23488K, reserved 1073152K
  class space    used 2345K, committed 2496K, reserved 1048576K
GC Heap History (14 events):
Event: 5.412 GC heap before
{Heap before GC invocations=0 (full 0):
 garbage-first heap   total 65536K, used 13312K [0x00000000c1400000, 0x0000000100000000)
  region size 1024K, 13 young (13312K), 0 survivors (0K)
 Metaspace       used 11494K, committed 11648K, reserved 1064960K
  class space    used 1062K, committed 1152K, reserved 1048576K
}
Event: 5.438 GC heap after
{Heap after GC invocations=1 (full 0):
 garbage-first heap   total 65536K, used 2876K [0x00000000c1400000, 0x0000000100000000)
  region size 1024K, 2 young (2048K), 2 survivors (2048K)
 Metaspace       used 11494K, committed 11648K, reserved 1064960K
  class space    used 1062K, committed 1152K, reserved 1048576K
}
Event: 9.015 GC heap before
{Heap before GC invocations=1 (full 0):
 garbage-first heap   total 65536K, used 16188K [0x00000000c1400000, 0x0000000100000000)
  region size 1024K, 15 young (15360K), 2 survivors (2048K)
 Metaspace       used 13594K, committed 13760K, reserved 1064960K
  class space    used 1351K, committed 1408K, reserved 1048576K
}
Event: 9.037 GC heap after
{Heap after GC invocations=2 (full 0):
 garbage-first heap   total 65536K, used 3616K [0x00000000c1400000, 0x0000000100000000)
  region size 1024K, 1 young (1024K), 1 survivors (1024K)
 Metaspace       used 13594K, committed 13760K, reserved 1064960K
  class space    used 1351K, committed 1408K, reserved 1048576K
}
Event: 12.199 GC heap before
{Heap before GC invocations=2 (full 0):
 garbage-first heap   total 65536K, used 28192K [0x00000000c1400000, 0x0000000100000000)
  region size 1024K, 26 young (26624K), 1 survivors (1024K)
 Metaspace       used 17615K, committed 17792K, reserved 1064960K
  class space    used 1857K, committed 1984K, reserved 1048576K
}
Event: 12.207 GC heap after
{Heap after GC invocations=3 (full 0):
 garbage-first heap   total 65536K, used 4825K [0x00000000c1400000, 0x0000000100000000)
  region size 1024K, 2 young (2048K), 2 survivors (2048K)
 Metaspace       used 17615K, committed 17792K, reserved 1064960K
  class space    used 1857K, committed 1984K, reserved 1048576K
}
Event: 18.102 GC heap before
{Heap before GC invocations=3 (full 0):
 garbage-first heap   total 65536K, used 41689K [0x00000000c1400000, 0x0000000100000000)
  region size 1024K, 38 young (38912K), 2 survivors (2048K)
 Metaspace       used 20850K, committed 20992K, reserved 1073152K
  class space    used 2175K, committed 2240K, reserved 1048576K
}
Event: 18.163 GC heap after
{Heap after GC invocations=4 (full 0):
 garbage-first heap   total 65536K, used 9380K [0x00000000c1400000, 0x0000000100000000)
  region size 1024K, 5 young (5120K), 5 survivors (5120K)
 Metaspace       used 20850K, committed 20992K, reserved 1073152K
  class space    used 2175K, committed 2240K, reserved 1048576K
}
Event: 26.655 GC heap before
{Heap before GC invocations=4 (full 0):
 garbage-first heap   total 65536K, used 42148K [0x00000000c1400000, 0x0000000100000000)
  region size 1024K, 38 young (38912K), 5 survivors (5120K)
 Metaspace       used 21374K, committed 21504K, reserved 1073152K
  class space    used 2194K, committed 2240K, reserved 1048576K
}
Event: 26.707 GC heap after
{Heap after GC invocations=5 (full 0):
 garbage-first heap   total 65536K, used 11915K [0x00000000c1400000, 0x0000000100000000)
  region size 1024K, 3 young (3072K), 3 survivors (3072K)
 Metaspace       used 21374K, committed 21504K, reserved 1073152K
  class space    used 2194K, committed 2240K, reserved 1048576K
}
Event: 31.978 GC heap before
{Heap before GC invocations=6 (full 0):
 garbage-first heap   total 72704K, used 64139K [0x00000000c1400000, 0x0000000100000000)
  region size 1024K, 23 young (23552K), 3 survivors (3072K)
 Metaspace       used 22508K, committed 22720K, reserved 1073152K
  class space    used 2307K, committed 2432K, reserved 1048576K
}
Event: 32.003 GC heap after
{Heap after GC invocations=7 (full 0):
 garbage-first heap   total 72704K, used 13009K [0x00000000c1400000, 0x0000000100000000)
  region size 1024K, 4 young (4096K), 4 survivors (4096K)
 Metaspace       used 22508K, committed 22720K, reserved 1073152K
  class space    used 2307K, committed 2432K, reserved 1048576K
}
Event: 32.389 GC heap before
{Heap before GC invocations=7 (full 0):
 garbage-first heap   total 72704K, used 14033K [0x00000000c1400000, 0x0000000100000000)
  region size 1024K, 5 young (5120K), 4 survivors (4096K)
 Metaspace       used 22544K, committed 22784K, reserved 1073152K
  class space    used 2307K, committed 2432K, reserved 1048576K
}
Event: 32.410 GC heap after
{Heap after GC invocations=8 (full 0):
 garbage-first heap   total 72704K, used 13193K [0x00000000c1400000, 0x0000000100000000)
  region size 1024K, 1 young (1024K), 1 survivors (1024K)
 Metaspace       used 22544K, committed 22784K, reserved 1073152K
  class space    used 2307K, committed 2432K, reserved 1048576K
}

