# JRE version: OpenJDK Runtime Environment Temurin-17.0.1+12 (17.0.1+12) (build 17.0.1+12)
# Java VM: OpenJDK 64-Bit Server VM Temurin-17.0.1+12 (17.0.1+12, mixed mode, tiered, compressed oops, compressed class ptrs, g1 gc, windows-amd64)
GC Precious Log:
 CPUs: 4 total, 4 available
 Memory: 4011M
 Large Page Support: Disabled
 NUMA Support: Disabled
 Compressed Oops: Enabled (32-bit)
 Heap Region Size: 1M
 Heap Min Capacity: 8M
 Heap Initial Capacity: 64M
 Heap Max Capacity: 1004M
 Pre-touch: Disabled
 Parallel Workers: 4
 Concurrent Workers: 1
 Concurrent Refinement Workers: 4
 Periodic GC: Disabled
Heap:
 garbage-first heap   total 65536K, used 32068K [0x00000000c1400000, 0x0000000100000000)
  region size 1024K, 28 young (28672K), 2 survivors (2048K)
 Metaspace       used 17724K, committed 17856K, reserved 1073152K
  class space    used 1904K, committed 1984K, reserved 1048576K
GC Heap History (6 events):
Event: 4.032 GC heap before
{Heap before GC invocations=0 (full 0):
 garbage-first heap   total 65536K, used 12288K [0x00000000c1400000, 0x0000000100000000)
  region size 1024K, 13 young (13312K), 0 survivors (0K)
 Metaspace       used 10881K, committed 11072K, reserved 1064960K
  class space    used 993K, committed 1088K, reserved 1048576K
}
Event: 4.049 GC heap after
{Heap after GC invocations=1 (full 0):
 garbage-first heap   total 65536K, used 5940K [0x00000000c1400000, 0x0000000100000000)
  region size 1024K, 2 young (2048K), 2 survivors (2048K)
 Metaspace       used 10881K, committed 11072K, reserved 1064960K
  class space    used 993K, committed 1088K, reserved 1048576K
}
Event: 4.859 GC heap before
{Heap before GC invocations=1 (full 0):
 garbage-first heap   total 65536K, used 13108K [0x00000000c1400000, 0x0000000100000000)
  region size 1024K, 9 young (9216K), 2 survivors (2048K)
 Metaspace       used 12729K, committed 12928K, reserved 1064960K
  class space    used 1265K, committed 1344K, reserved 1048576K
}
Event: 4.873 GC heap after
{Heap after GC invocations=2 (full 0):
 garbage-first heap   total 65536K, used 6197K [0x00000000c1400000, 0x0000000100000000)
  region size 1024K, 1 young (1024K), 1 survivors (1024K)
 Metaspace       used 12729K, committed 12928K, reserved 1064960K
  class space    used 1265K, committed 1344K, reserved 1048576K
}
Event: 8.109 GC heap before
{Heap before GC invocations=2 (full 0):
 garbage-first heap   total 65536K, used 28725K [0x00000000c1400000, 0x0000000100000000)
  region size 1024K, 23 young (23552K), 1 survivors (1024K)
 Metaspace       used 17710K, committed 17856K, reserved 1064960K
  class space    used 1903K, committed 1984K, reserved 1048576K
}
Event: 8.126 GC heap after
{Heap after GC invocations=3 (full 0):
 garbage-first heap   total 65536K, used 7492K [0x00000000c1400000, 0x0000000100000000)
  region size 1024K, 2 young (2048K), 2 survivors (2048K)
 Metaspace       used 17710K, committed 17856K, reserved 1064960K
  class space    used 1903K, committed 1984K, reserved 1048576K
}

