# JRE version: OpenJDK Runtime Environment Temurin-17.0.1+12 (17.0.1+12) (build 17.0.1+12)
# Java VM: OpenJDK 64-Bit Server VM Temurin-17.0.1+12 (17.0.1+12, mixed mode, tiered, compressed oops, compressed class ptrs, g1 gc, windows-amd64)
GC Precious Log:
 CPUs: 4 total, 4 available
 Memory: 4011M
 Large Page Support: Disabled
 NUMA Support: Disabled
 Compressed Oops: Enabled (32-bit)
 Heap Region Size: 1M
 Heap Min Capacity: 8M
 Heap Initial Capacity: 64M
 Heap Max Capacity: 1004M
 Pre-touch: Disabled
 Parallel Workers: 4
 Concurrent Workers: 1
 Concurrent Refinement Workers: 4
 Periodic GC: Disabled
Heap:
 garbage-first heap   total 60416K, used 15881K [0x00000000c1400000, 0x0000000100000000)
  region size 1024K, 5 young (5120K), 2 survivors (2048K)
 Metaspace       used 23209K, committed 23488K, reserved 1073152K
  class space    used 2346K, committed 2496K, reserved 1048576K
GC Heap History (16 events):
Event: 3.491 GC heap before
{Heap before GC invocations=0 (full 0):
 garbage-first heap   total 65536K, used 13312K [0x00000000c1400000, 0x0000000100000000)
  region size 1024K, 13 young (13312K), 0 survivors (0K)
 Metaspace       used 11485K, committed 11648K, reserved 1064960K
  class space    used 1062K, committed 1152K, reserved 1048576K
}
Event: 3.505 GC heap after
{Heap after GC invocations=1 (full 0):
 garbage-first heap   total 65536K, used 2872K [0x00000000c1400000, 0x0000000100000000)
  region size 1024K, 2 young (2048K), 2 survivors (2048K)
 Metaspace       used 11485K, committed 11648K, reserved 1064960K
  class space    used 1062K, committed 1152K, reserved 1048576K
}
Event: 6.063 GC heap before
{Heap before GC invocations=1 (full 0):
 garbage-first heap   total 65536K, used 17208K [0x00000000c1400000, 0x0000000100000000)
  region size 1024K, 16 young (16384K), 2 survivors (2048K)
 Metaspace       used 13685K, committed 13824K, reserved 1064960K
  class space    used 1361K, committed 1408K, reserved 1048576K
}
Event: 6.080 GC heap after
{Heap after GC invocations=2 (full 0):
 garbage-first heap   total 65536K, used 3655K [0x00000000c1400000, 0x0000000100000000)
  region size 1024K, 1 young (1024K), 1 survivors (1024K)
 Metaspace       used 13685K, committed 13824K, reserved 1064960K
  class space    used 1361K, committed 1408K, reserved 1048576K
}
Event: 9.083 GC heap before
{Heap before GC invocations=2 (full 0):
 garbage-first heap   total 65536K, used 41543K [0x00000000c1400000, 0x0000000100000000)
  region size 1024K, 38 young (38912K), 1 survivors (1024K)
 Metaspace       used 20126K, committed 20352K, reserved 1073152K
  class space    used 2134K, committed 2240K, reserved 1048576K
}
Event: 9.109 GC heap after
{Heap after GC invocations=3 (full 0):
 garbage-first heap   total 65536K, used 6433K [0x00000000c1400000, 0x0000000100000000)
  region size 1024K, 4 young (4096K), 4 survivors (4096K)
 Metaspace       used 20126K, committed 20352K, reserved 1073152K
  class space    used 2134K, committed 2240K, reserved 1048576K
}
Event: 12.232 GC heap before
{Heap before GC invocations=3 (full 0):
 garbage-first heap   total 65536K, used 41249K [0x00000000c1400000, 0x0000000100000000)
  region size 1024K, 38 young (38912K), 4 survivors (4096K)
 Metaspace       used 20889K, committed 21056K, reserved 1073152K
  class space    used 2177K, committed 2240K, reserved 1048576K
}
Event: 12.275 GC heap after
{Heap after GC invocations=4 (full 0):
 garbage-first heap   total 65536K, used 10279K [0x00000000c1400000, 0x0000000100000000)
  region size 1024K, 4 young (4096K), 4 survivors (4096K)
 Metaspace       used 20889K, committed 21056K, reserved 1073152K
  class space    used 2177K, committed 2240K, reserved 1048576K
}
Event: 14.689 GC heap before
{Heap before GC invocations=4 (full 0):
 garbage-first heap   total 65536K, used 37927K [0x00000000c1400000, 0x0000000100000000)
  region size 1024K, 32 young (32768K), 4 survivors (4096K)
 Metaspace       used 21355K, committed 21504K, reserved 1073152K
  class space    used 2194K, committed 2240K, reserved 1048576K
}
Event: 14.716 GC heap after
{Heap after GC invocations=5 (full 0):
 garbage-first heap   total 65536K, used 11758K [0x00000000c1400000, 0x0000000100000000)
  region size 1024K, 2 young (2048K), 2 survivors (2048K)
 Metaspace       used 21355K, committed 21504K, reserved 1073152K
  class space    used 2194K, committed 2240K, reserved 1048576K
}
Event: 15.509 GC heap before
{Heap before GC invocations=6 (full 0):
 garbage-first heap   total 60416K, used 54766K [0x00000000c1400000, 0x0000000100000000)
  region size 1024K, 13 young (13312K), 2 survivors (2048K)
 Metaspace       used 22422K, committed 22656K, reserved 1073152K
  class space    used 2308K, committed 2432K, reserved 1048576K
}
Event: 15.521 GC heap after
{Heap after GC invocations=7 (full 0):
 garbage-first heap   total 60416K, used 12457K [0x00000000c1400000, 0x0000000100000000)
  region size 1024K, 3 young (3072K), 3 survivors (3072K)
 Metaspace       used 22422K, committed 22656K, reserved 1073152K
  class space    used 2308K, committed 2432K, reserved 1048576K
}
Event: 15.615 GC heap before
{Heap before GC invocations=7 (full 0):
 garbage-first heap   total 60416K, used 12457K [0x00000000c1400000, 0x0000000100000000)
  region size 1024K, 4 young (4096K), 3 survivors (3072K)
 Metaspace       used 22429K, committed 22656K, reserved 1073152K
  class space    used 2308K, committed 2432K, reserved 1048576K
}
Event: 15.627 GC heap after
{Heap after GC invocations=8 (full 0):
 garbage-first heap   total 60416K, used 12511K [0x00000000c1400000, 0x0000000100000000)
  region size 1024K, 1 young (1024K), 1 survivors (1024K)
 Metaspace       used 22429K, committed 22656K, reserved 1073152K
  class space    used 2308K, committed 2432K, reserved 1048576K
}
Event: 18.437 GC heap before
{Heap before GC invocations=8 (full 0):
 garbage-first heap   total 60416K, used 45279K [0x00000000c1400000, 0x0000000100000000)
  region size 1024K, 33 young (33792K), 1 survivors (1024K)
 Metaspace       used 23182K, committed 23488K, reserved 1073152K
  class space    used 2346K, committed 2496K, reserved 1048576K
}
Event: 18.450 GC heap after
{Heap after GC invocations=9 (full 0):
 garbage-first heap   total 60416K, used 13833K [0x00000000c1400000, 0x0000000100000000)
  region size 1024K, 2 young (2048K), 2 survivors (2048K)
 Metaspace       used 23182K, committed 23488K, reserved 1073152K
  class space    used 2346K, committed 2496K, reserved 1048576K
}

