# JRE version: OpenJDK Runtime Environment Temurin-17.0.1+12 (17.0.1+12) (build 17.0.1+12)
# Java VM: OpenJDK 64-Bit Server VM Temurin-17.0.1+12 (17.0.1+12, mixed mode, tiered, compressed oops, compressed class ptrs, g1 gc, windows-amd64)
GC Precious Log:
 CPUs: 4 total, 4 available
 Memory: 4011M
 Large Page Support: Disabled
 NUMA Support: Disabled
 Compressed Oops: Enabled (32-bit)
 Heap Region Size: 1M
 Heap Min Capacity: 8M
 Heap Initial Capacity: 64M
 Heap Max Capacity: 1004M
 Pre-touch: Disabled
 Parallel Workers: 4
 Concurrent Workers: 1
 Concurrent Refinement Workers: 4
 Periodic GC: Disabled
Heap:
 garbage-first heap   total 60416K, used 23977K [0x00000000c1400000, 0x0000000100000000)
  region size 1024K, 13 young (13312K), 2 survivors (2048K)
 Metaspace       used 24023K, committed 24256K, reserved 1073152K
  class space    used 2413K, committed 2560K, reserved 1048576K
GC Heap History (16 events):
Event: 3.467 GC heap before
{Heap before GC invocations=0 (full 0):
 garbage-first heap   total 65536K, used 13312K [0x00000000c1400000, 0x0000000100000000)
  region size 1024K, 13 young (13312K), 0 survivors (0K)
 Metaspace       used 11478K, committed 11648K, reserved 1064960K
  class space    used 1062K, committed 1152K, reserved 1048576K
}
Event: 3.481 GC heap after
{Heap after GC invocations=1 (full 0):
 garbage-first heap   total 65536K, used 2881K [0x00000000c1400000, 0x0000000100000000)
  region size 1024K, 2 young (2048K), 2 survivors (2048K)
 Metaspace       used 11478K, committed 11648K, reserved 1064960K
  class space    used 1062K, committed 1152K, reserved 1048576K
}
Event: 5.786 GC heap before
{Heap before GC invocations=1 (full 0):
 garbage-first heap   total 65536K, used 17217K [0x00000000c1400000, 0x0000000100000000)
  region size 1024K, 16 young (16384K), 2 survivors (2048K)
 Metaspace       used 13692K, committed 13824K, reserved 1064960K
  class space    used 1361K, committed 1408K, reserved 1048576K
}
Event: 5.802 GC heap after
{Heap after GC invocations=2 (full 0):
 garbage-first heap   total 65536K, used 3611K [0x00000000c1400000, 0x0000000100000000)
  region size 1024K, 1 young (1024K), 1 survivors (1024K)
 Metaspace       used 13692K, committed 13824K, reserved 1064960K
  class space    used 1361K, committed 1408K, reserved 1048576K
}
Event: 9.022 GC heap before
{Heap before GC invocations=2 (full 0):
 garbage-first heap   total 65536K, used 41499K [0x00000000c1400000, 0x0000000100000000)
  region size 1024K, 38 young (38912K), 1 survivors (1024K)
 Metaspace       used 20129K, committed 20352K, reserved 1073152K
  class space    used 2132K, committed 2240K, reserved 1048576K
}
Event: 9.047 GC heap after
{Heap after GC invocations=3 (full 0):
 garbage-first heap   total 65536K, used 6314K [0x00000000c1400000, 0x0000000100000000)
  region size 1024K, 4 young (4096K), 4 survivors (4096K)
 Metaspace       used 20129K, committed 20352K, reserved 1073152K
  class space    used 2132K, committed 2240K, reserved 1048576K
}
Event: 12.173 GC heap before
{Heap before GC invocations=3 (full 0):
 garbage-first heap   total 65536K, used 41130K [0x00000000c1400000, 0x0000000100000000)
  region size 1024K, 38 young (38912K), 4 survivors (4096K)
 Metaspace       used 20883K, committed 21056K, reserved 1073152K
  class space    used 2175K, committed 2240K, reserved 1048576K
}
Event: 12.228 GC heap after
{Heap after GC invocations=4 (full 0):
 garbage-first heap   total 65536K, used 10228K [0x00000000c1400000, 0x0000000100000000)
  region size 1024K, 4 young (4096K), 4 survivors (4096K)
 Metaspace       used 20883K, committed 21056K, reserved 1073152K
  class space    used 2175K, committed 2240K, reserved 1048576K
}
Event: 14.713 GC heap before
{Heap before GC invocations=4 (full 0):
 garbage-first heap   total 65536K, used 37876K [0x00000000c1400000, 0x0000000100000000)
  region size 1024K, 32 young (32768K), 4 survivors (4096K)
 Metaspace       used 21347K, committed 21504K, reserved 1073152K
  class space    used 2193K, committed 2240K, reserved 1048576K
}
Event: 14.753 GC heap after
{Heap after GC invocations=5 (full 0):
 garbage-first heap   total 65536K, used 11751K [0x00000000c1400000, 0x0000000100000000)
  region size 1024K, 2 young (2048K), 2 survivors (2048K)
 Metaspace       used 21347K, committed 21504K, reserved 1073152K
  class space    used 2193K, committed 2240K, reserved 1048576K
}
Event: 15.788 GC heap before
{Heap before GC invocations=6 (full 0):
 garbage-first heap   total 60416K, used 54759K [0x00000000c1400000, 0x0000000100000000)
  region size 1024K, 13 young (13312K), 2 survivors (2048K)
 Metaspace       used 22411K, committed 22592K, reserved 1073152K
  class space    used 2306K, committed 2432K, reserved 1048576K
}
Event: 15.800 GC heap after
{Heap after GC invocations=7 (full 0):
 garbage-first heap   total 60416K, used 12449K [0x00000000c1400000, 0x0000000100000000)
  region size 1024K, 3 young (3072K), 3 survivors (3072K)
 Metaspace       used 22411K, committed 22592K, reserved 1073152K
  class space    used 2306K, committed 2432K, reserved 1048576K
}
Event: 15.894 GC heap before
{Heap before GC invocations=7 (full 0):
 garbage-first heap   total 60416K, used 13473K [0x00000000c1400000, 0x0000000100000000)
  region size 1024K, 4 young (4096K), 3 survivors (3072K)
 Metaspace       used 22418K, committed 22592K, reserved 1073152K
  class space    used 2306K, committed 2432K, reserved 1048576K
}
Event: 15.907 GC heap after
{Heap after GC invocations=8 (full 0):
 garbage-first heap   total 60416K, used 12367K [0x00000000c1400000, 0x0000000100000000)
  region size 1024K, 1 young (1024K), 1 survivors (1024K)
 Metaspace       used 22418K, committed 22592K, reserved 1073152K
  class space    used 2306K, committed 2432K, reserved 1048576K
}
Event: 18.632 GC heap before
{Heap before GC invocations=8 (full 0):
 garbage-first heap   total 60416K, used 45135K [0x00000000c1400000, 0x0000000100000000)
  region size 1024K, 33 young (33792K), 1 survivors (1024K)
 Metaspace       used 23157K, committed 23360K, reserved 1073152K
  class space    used 2345K, committed 2496K, reserved 1048576K
}
Event: 18.641 GC heap after
{Heap after GC invocations=9 (full 0):
 garbage-first heap   total 60416K, used 13737K [0x00000000c1400000, 0x0000000100000000)
  region size 1024K, 2 young (2048K), 2 survivors (2048K)
 Metaspace       used 23157K, committed 23360K, reserved 1073152K
  class space    used 2345K, committed 2496K, reserved 1048576K
}

