# JRE version: OpenJDK Runtime Environment Temurin-17+35 (17.0+35) (build 17+35)
# Java VM: OpenJDK 64-Bit Server VM Temurin-17+35 (17+35, mixed mode, tiered, compressed oops, compressed class ptrs, g1 gc, windows-amd64)
GC Precious Log:
 CPUs: 4 total, 4 available
 Memory: 4011M
 Large Page Support: Disabled
 NUMA Support: Disabled
 Compressed Oops: Enabled (32-bit)
 Heap Region Size: 1M
 Heap Min Capacity: 8M
 Heap Initial Capacity: 64M
 Heap Max Capacity: 1004M
 Pre-touch: Disabled
 Parallel Workers: 4
 Concurrent Workers: 1
 Concurrent Refinement Workers: 4
 Periodic GC: Disabled
Heap:
 garbage-first heap   total 65536K, used 16985K [0x00000000c1400000, 0x0000000100000000)
  region size 1024K, 14 young (14336K), 3 survivors (3072K)
 Metaspace       used 17601K, committed 17728K, reserved 1064960K
  class space    used 1919K, committed 1984K, reserved 1048576K
GC Heap History (6 events):
Event: 1.851 GC heap before
{Heap before GC invocations=0 (full 0):
 garbage-first heap   total 65536K, used 13312K [0x00000000c1400000, 0x0000000100000000)
  region size 1024K, 13 young (13312K), 0 survivors (0K)
 Metaspace       used 9772K, committed 9920K, reserved 1064960K
  class space    used 946K, committed 1024K, reserved 1048576K
}
Event: 1.862 GC heap after
{Heap after GC invocations=1 (full 0):
 garbage-first heap   total 65536K, used 4689K [0x00000000c1400000, 0x0000000100000000)
  region size 1024K, 2 young (2048K), 2 survivors (2048K)
 Metaspace       used 9772K, committed 9920K, reserved 1064960K
  class space    used 946K, committed 1024K, reserved 1048576K
}
Event: 3.298 GC heap before
{Heap before GC invocations=1 (full 0):
 garbage-first heap   total 65536K, used 19025K [0x00000000c1400000, 0x0000000100000000)
  region size 1024K, 16 young (16384K), 2 survivors (2048K)
 Metaspace       used 14704K, committed 14848K, reserved 1064960K
  class space    used 1550K, committed 1600K, reserved 1048576K
}
Event: 3.312 GC heap after
{Heap after GC invocations=2 (full 0):
 garbage-first heap   total 65536K, used 7169K [0x00000000c1400000, 0x0000000100000000)
  region size 1024K, 2 young (2048K), 2 survivors (2048K)
 Metaspace       used 14704K, committed 14848K, reserved 1064960K
  class space    used 1550K, committed 1600K, reserved 1048576K
}
Event: 4.228 GC heap before
{Heap before GC invocations=2 (full 0):
 garbage-first heap   total 65536K, used 36865K [0x00000000c1400000, 0x0000000100000000)
  region size 1024K, 32 young (32768K), 2 survivors (2048K)
 Metaspace       used 16952K, committed 17152K, reserved 1064960K
  class space    used 1840K, committed 1920K, reserved 1048576K
}
Event: 4.240 GC heap after
{Heap after GC invocations=3 (full 0):
 garbage-first heap   total 65536K, used 7769K [0x00000000c1400000, 0x0000000100000000)
  region size 1024K, 3 young (3072K), 3 survivors (3072K)
 Metaspace       used 16952K, committed 17152K, reserved 1064960K
  class space    used 1840K, committed 1920K, reserved 1048576K
}

