# JRE version: OpenJDK Runtime Environment Temurin-17.0.1+12 (17.0.1+12) (build 17.0.1+12)
# Java VM: OpenJDK 64-Bit Server VM Temurin-17.0.1+12 (17.0.1+12, mixed mode, tiered, compressed oops, compressed class ptrs, g1 gc, windows-amd64)
GC Precious Log:
 CPUs: 4 total, 4 available
 Memory: 4011M
 Large Page Support: Disabled
 NUMA Support: Disabled
 Compressed Oops: Enabled (32-bit)
 Heap Region Size: 1M
 Heap Min Capacity: 8M
 Heap Initial Capacity: 64M
 Heap Max Capacity: 1004M
 Pre-touch: Disabled
 Parallel Workers: 4
 Concurrent Workers: 1
 Concurrent Refinement Workers: 4
 Periodic GC: Disabled
Heap:
 garbage-first heap   total 65536K, used 11736K [0x00000000c1400000, 0x0000000100000000)
  region size 1024K, 7 young (7168K), 3 survivors (3072K)
 Metaspace       used 19857K, committed 20032K, reserved 1073152K
  class space    used 2166K, committed 2240K, reserved 1048576K
GC Heap History (8 events):
Event: 3.428 GC heap before
{Heap before GC invocations=0 (full 0):
 garbage-first heap   total 65536K, used 12288K [0x00000000c1400000, 0x0000000100000000)
  region size 1024K, 13 young (13312K), 0 survivors (0K)
 Metaspace       used 10908K, committed 11136K, reserved 1064960K
  class space    used 994K, committed 1088K, reserved 1048576K
}
Event: 3.452 GC heap after
{Heap after GC invocations=1 (full 0):
 garbage-first heap   total 65536K, used 6208K [0x00000000c1400000, 0x0000000100000000)
  region size 1024K, 2 young (2048K), 2 survivors (2048K)
 Metaspace       used 10908K, committed 11136K, reserved 1064960K
  class space    used 994K, committed 1088K, reserved 1048576K
}
Event: 4.242 GC heap before
{Heap before GC invocations=1 (full 0):
 garbage-first heap   total 65536K, used 13376K [0x00000000c1400000, 0x0000000100000000)
  region size 1024K, 9 young (9216K), 2 survivors (2048K)
 Metaspace       used 12773K, committed 12928K, reserved 1064960K
  class space    used 1270K, committed 1344K, reserved 1048576K
}
Event: 4.254 GC heap after
{Heap after GC invocations=2 (full 0):
 garbage-first heap   total 65536K, used 6573K [0x00000000c1400000, 0x0000000100000000)
  region size 1024K, 1 young (1024K), 1 survivors (1024K)
 Metaspace       used 12773K, committed 12928K, reserved 1064960K
  class space    used 1270K, committed 1344K, reserved 1048576K
}
Event: 6.779 GC heap before
{Heap before GC invocations=2 (full 0):
 garbage-first heap   total 65536K, used 29101K [0x00000000c1400000, 0x0000000100000000)
  region size 1024K, 23 young (23552K), 1 survivors (1024K)
 Metaspace       used 17739K, committed 17920K, reserved 1064960K
  class space    used 1903K, committed 1984K, reserved 1048576K
}
Event: 6.792 GC heap after
{Heap after GC invocations=3 (full 0):
 garbage-first heap   total 65536K, used 7910K [0x00000000c1400000, 0x0000000100000000)
  region size 1024K, 2 young (2048K), 2 survivors (2048K)
 Metaspace       used 17739K, committed 17920K, reserved 1064960K
  class space    used 1903K, committed 1984K, reserved 1048576K
}
Event: 7.654 GC heap before
{Heap before GC invocations=3 (full 0):
 garbage-first heap   total 65536K, used 40678K [0x00000000c1400000, 0x0000000100000000)
  region size 1024K, 35 young (35840K), 2 survivors (2048K)
 Metaspace       used 19370K, committed 19520K, reserved 1073152K
  class space    used 2111K, committed 2176K, reserved 1048576K
}
Event: 7.675 GC heap after
{Heap after GC invocations=4 (full 0):
 garbage-first heap   total 65536K, used 8664K [0x00000000c1400000, 0x0000000100000000)
  region size 1024K, 3 young (3072K), 3 survivors (3072K)
 Metaspace       used 19370K, committed 19520K, reserved 1073152K
  class space    used 2111K, committed 2176K, reserved 1048576K
}

