# JRE version: OpenJDK Runtime Environment Temurin-17.0.1+12 (17.0.1+12) (build 17.0.1+12)
# Java VM: OpenJDK 64-Bit Server VM Temurin-17.0.1+12 (17.0.1+12, mixed mode, tiered, compressed oops, compressed class ptrs, g1 gc, windows-amd64)
GC Precious Log:
 CPUs: 4 total, 4 available
 Memory: 4011M
 Large Page Support: Disabled
 NUMA Support: Disabled
 Compressed Oops: Enabled (32-bit)
 Heap Region Size: 1M
 Heap Min Capacity: 8M
 Heap Initial Capacity: 64M
 Heap Max Capacity: 1004M
 Pre-touch: Disabled
 Parallel Workers: 4
 Concurrent Workers: 1
 Concurrent Refinement Workers: 4
 Periodic GC: Disabled
Heap:
 garbage-first heap   total 61440K, used 41022K [0x00000000c1400000, 0x0000000100000000)
  region size 1024K, 11 young (11264K), 3 survivors (3072K)
 Metaspace       used 22335K, committed 22592K, reserved 1073152K
  class space    used 2298K, committed 2432K, reserved 1048576K
GC Heap History (10 events):
Event: 3.468 GC heap before
{Heap before GC invocations=0 (full 0):
 garbage-first heap   total 65536K, used 13312K [0x00000000c1400000, 0x0000000100000000)
  region size 1024K, 13 young (13312K), 0 survivors (0K)
 Metaspace       used 11477K, committed 11648K, reserved 1064960K
  class space    used 1062K, committed 1152K, reserved 1048576K
}
Event: 3.482 GC heap after
{Heap after GC invocations=1 (full 0):
 garbage-first heap   total 65536K, used 2878K [0x00000000c1400000, 0x0000000100000000)
  region size 1024K, 2 young (2048K), 2 survivors (2048K)
 Metaspace       used 11477K, committed 11648K, reserved 1064960K
  class space    used 1062K, committed 1152K, reserved 1048576K
}
Event: 5.696 GC heap before
{Heap before GC invocations=1 (full 0):
 garbage-first heap   total 65536K, used 17214K [0x00000000c1400000, 0x0000000100000000)
  region size 1024K, 16 young (16384K), 2 survivors (2048K)
 Metaspace       used 13687K, committed 13824K, reserved 1064960K
  class space    used 1361K, committed 1408K, reserved 1048576K
}
Event: 5.715 GC heap after
{Heap after GC invocations=2 (full 0):
 garbage-first heap   total 65536K, used 3708K [0x00000000c1400000, 0x0000000100000000)
  region size 1024K, 1 young (1024K), 1 survivors (1024K)
 Metaspace       used 13687K, committed 13824K, reserved 1064960K
  class space    used 1361K, committed 1408K, reserved 1048576K
}
Event: 8.860 GC heap before
{Heap before GC invocations=2 (full 0):
 garbage-first heap   total 65536K, used 41596K [0x00000000c1400000, 0x0000000100000000)
  region size 1024K, 38 young (38912K), 1 survivors (1024K)
 Metaspace       used 20130K, committed 20352K, reserved 1073152K
  class space    used 2132K, committed 2240K, reserved 1048576K
}
Event: 8.885 GC heap after
{Heap after GC invocations=3 (full 0):
 garbage-first heap   total 65536K, used 6419K [0x00000000c1400000, 0x0000000100000000)
  region size 1024K, 4 young (4096K), 4 survivors (4096K)
 Metaspace       used 20130K, committed 20352K, reserved 1073152K
  class space    used 2132K, committed 2240K, reserved 1048576K
}
Event: 11.612 GC heap before
{Heap before GC invocations=3 (full 0):
 garbage-first heap   total 65536K, used 41235K [0x00000000c1400000, 0x0000000100000000)
  region size 1024K, 38 young (38912K), 4 survivors (4096K)
 Metaspace       used 20872K, committed 21056K, reserved 1073152K
  class space    used 2175K, committed 2240K, reserved 1048576K
}
Event: 11.645 GC heap after
{Heap after GC invocations=4 (full 0):
 garbage-first heap   total 65536K, used 10318K [0x00000000c1400000, 0x0000000100000000)
  region size 1024K, 4 young (4096K), 4 survivors (4096K)
 Metaspace       used 20872K, committed 21056K, reserved 1073152K
  class space    used 2175K, committed 2240K, reserved 1048576K
}
Event: 14.423 GC heap before
{Heap before GC invocations=4 (full 0):
 garbage-first heap   total 65536K, used 38990K [0x00000000c1400000, 0x0000000100000000)
  region size 1024K, 33 young (33792K), 4 survivors (4096K)
 Metaspace       used 21346K, committed 21504K, reserved 1073152K
  class space    used 2193K, committed 2240K, reserved 1048576K
}
Event: 14.452 GC heap after
{Heap after GC invocations=5 (full 0):
 garbage-first heap   total 65536K, used 12350K [0x00000000c1400000, 0x0000000100000000)
  region size 1024K, 3 young (3072K), 3 survivors (3072K)
 Metaspace       used 21346K, committed 21504K, reserved 1073152K
  class space    used 2193K, committed 2240K, reserved 1048576K
}

