# JRE version: OpenJDK Runtime Environment Temurin-17+35 (17.0+35) (build 17+35)
# Java VM: OpenJDK 64-Bit Server VM Temurin-17+35 (17+35, mixed mode, tiered, compressed oops, compressed class ptrs, g1 gc, windows-amd64)
GC Precious Log:
 CPUs: 4 total, 4 available
 Memory: 4011M
 Large Page Support: Disabled
 NUMA Support: Disabled
 Compressed Oops: Enabled (32-bit)
 Heap Region Size: 1M
 Heap Min Capacity: 8M
 Heap Initial Capacity: 64M
 Heap Max Capacity: 1004M
 Pre-touch: Disabled
 Parallel Workers: 4
 Concurrent Workers: 1
 Concurrent Refinement Workers: 4
 Periodic GC: Disabled
Heap:
 garbage-first heap   total 65536K, used 28014K [0x00000000c1400000, 0x0000000100000000)
  region size 1024K, 24 young (24576K), 2 survivors (2048K)
 Metaspace       used 17903K, committed 18048K, reserved 1073152K
  class space    used 1959K, committed 2048K, reserved 1048576K
GC Heap History (6 events):
Event: 2.138 GC heap before
{Heap before GC invocations=0 (full 0):
 garbage-first heap   total 65536K, used 12288K [0x00000000c1400000, 0x0000000100000000)
  region size 1024K, 13 young (13312K), 0 survivors (0K)
 Metaspace       used 10271K, committed 10368K, reserved 1064960K
  class space    used 976K, committed 1024K, reserved 1048576K
}
Event: 2.149 GC heap after
{Heap after GC invocations=1 (full 0):
 garbage-first heap   total 65536K, used 5321K [0x00000000c1400000, 0x0000000100000000)
  region size 1024K, 2 young (2048K), 2 survivors (2048K)
 Metaspace       used 10271K, committed 10368K, reserved 1064960K
  class space    used 976K, committed 1024K, reserved 1048576K
}
Event: 3.276 GC heap before
{Heap before GC invocations=1 (full 0):
 garbage-first heap   total 65536K, used 15561K [0x00000000c1400000, 0x0000000100000000)
  region size 1024K, 13 young (13312K), 2 survivors (2048K)
 Metaspace       used 14011K, committed 14208K, reserved 1064960K
  class space    used 1454K, committed 1536K, reserved 1048576K
}
Event: 3.289 GC heap after
{Heap after GC invocations=2 (full 0):
 garbage-first heap   total 65536K, used 7050K [0x00000000c1400000, 0x0000000100000000)
  region size 1024K, 2 young (2048K), 2 survivors (2048K)
 Metaspace       used 14011K, committed 14208K, reserved 1064960K
  class space    used 1454K, committed 1536K, reserved 1048576K
}
Event: 4.131 GC heap before
{Heap before GC invocations=2 (full 0):
 garbage-first heap   total 65536K, used 28554K [0x00000000c1400000, 0x0000000100000000)
  region size 1024K, 24 young (24576K), 2 survivors (2048K)
 Metaspace       used 16593K, committed 16768K, reserved 1064960K
  class space    used 1793K, committed 1856K, reserved 1048576K
}
Event: 4.140 GC heap after
{Heap after GC invocations=3 (full 0):
 garbage-first heap   total 65536K, used 7534K [0x00000000c1400000, 0x0000000100000000)
  region size 1024K, 2 young (2048K), 2 survivors (2048K)
 Metaspace       used 16593K, committed 16768K, reserved 1064960K
  class space    used 1793K, committed 1856K, reserved 1048576K
}

